Arguments: 
  /Users/hugo/.nvm/versions/node/v8.1.1/bin/node /Users/hugo/.yarn/bin/yarn.js jekyll

PATH: 
  /Users/hugo/.rbenv/shims:/Users/hugo/.yarn/bin:/Users/hugo/.config/yarn/global/node_modules/.bin:/Users/hugo/.nvm/versions/node/v8.1.1/bin:/usr/bin:/bin:/usr/sbin:/sbin:/usr/local/bin:/opt/X11/bin:/usr/local/opt/go/libexec/bin

Yarn version: 
  1.5.1

Node version: 
  8.1.1

Platform: 
  darwin x64

npm manifest: 
  {
    "name": "svgmt",
    "version": "1.0.0",
    "description": "",
    "main": "index.js",
    "scripts": {
      "push": "git add . && git commit -am \"update\" && git push origin gh-pages",
      "jekyll": "docker-compose run --service-ports site jekyll s --watch --incremental --livereload --baseurl \/react-svgmt",
      "build": "docker-compose run --service-ports site jekyll b --baseurl \/react-svgmt"
    },
    "repository": {
      "type": "git",
      "url": "git+https://github.com/hugozap/react-svgmt.git"
    },
    "keywords": [],
    "author": "",
    "license": "ISC",
    "bugs": {
      "url": "https://github.com/hugozap/react-svgmt/issues"
    },
    "homepage": "https://github.com/hugozap/react-svgmt#readme"
  }

yarn manifest: 
  No manifest

Lockfile: 
  No lockfile

Trace: 
  Error: Command failed.
  Exit code: 1
  Command: sh
  Arguments: -c docker-compose run --service-ports site jekyll s --watch --incremental --livereload --baseurl /react-svgmt
  Directory: /Users/hugo/WorkingSpace/react-components/svgmt
  Output:
  
      at ProcessTermError.MessageError (/Users/hugo/.yarn/lib/cli.js:186:110)
      at new ProcessTermError (/Users/hugo/.yarn/lib/cli.js:226:113)
      at ChildProcess.<anonymous> (/Users/hugo/.yarn/lib/cli.js:30281:17)
      at emitTwo (events.js:125:13)
      at ChildProcess.emit (events.js:213:7)
      at maybeClose (internal/child_process.js:897:16)
      at Process.ChildProcess._handle.onexit (internal/child_process.js:208:5)
